-------------------------------------------------------------------------------
Test set: LoginTest
-------------------------------------------------------------------------------
Tests run: 2, Failures: 1, Errors: 0, Skipped: 0, Time elapsed: 9.209 s <<< FAILURE! - in LoginTest
loginUserPozitiveTest(LoginTest)  Time elapsed: 6.607 s  <<< FAILURE!
java.lang.AssertionError: 
1 expectation failed.
Expected status code <200> but was <429>.

	at LoginTest.loginUserPozitiveTest(LoginTest.java:33)

